TN:
SF:app/api/integrations/slack/callback/route.ts
FN:5,GET
FNF:1
FNH:1
FNDA:12,GET
DA:1,1
DA:2,1
DA:3,1
DA:4,1
DA:5,1
DA:6,12
DA:7,12
DA:8,12
DA:9,12
DA:10,12
DA:11,8
DA:12,8
DA:13,8
DA:14,8
DA:15,12
DA:16,12
DA:17,0
DA:18,0
DA:19,8
DA:20,8
DA:21,8
DA:22,8
DA:23,8
DA:24,8
DA:25,8
DA:26,8
DA:27,8
DA:28,8
DA:29,8
DA:30,7
DA:31,7
DA:32,7
DA:33,12
DA:34,1
DA:35,1
DA:36,1
DA:37,6
DA:38,6
DA:39,6
DA:40,6
DA:41,6
DA:42,6
DA:43,12
DA:44,4
DA:45,4
DA:46,4
DA:47,4
DA:48,4
DA:49,4
DA:50,4
DA:51,12
DA:52,12
DA:53,12
DA:54,12
DA:55,12
DA:56,12
DA:57,12
DA:58,12
DA:59,12
DA:60,12
DA:61,12
DA:62,12
DA:63,4
DA:64,4
DA:65,4
LF:65
LH:63
BRDA:5,0,0,12
BRDA:10,1,0,10
BRDA:10,2,0,4
BRDA:10,3,0,8
BRDA:15,4,0,0
BRDA:16,5,0,0
BRDA:18,6,0,8
BRDA:29,7,0,7
BRDA:33,8,0,1
BRDA:36,9,0,6
BRDA:43,10,0,5
BRDA:43,11,0,2
BRDA:43,12,0,4
BRDA:51,13,0,4
BRDA:58,14,0,4
BRDA:59,15,0,4
BRDA:62,16,0,4
BRF:17
BRH:15
end_of_record
TN:
SF:app/api/webhooks/clerk/route.ts
FN:6,POST
FNF:1
FNH:1
FNDA:11,POST
DA:1,1
DA:2,1
DA:3,1
DA:4,1
DA:5,1
DA:6,1
DA:7,11
DA:8,11
DA:9,11
DA:10,11
DA:11,11
DA:12,11
DA:13,11
DA:14,11
DA:15,11
DA:16,4
DA:17,4
DA:18,7
DA:19,7
DA:20,7
DA:21,7
DA:22,7
DA:23,7
DA:24,7
DA:25,7
DA:26,7
DA:27,7
DA:28,7
DA:29,7
DA:30,7
DA:31,11
DA:32,1
DA:33,1
DA:34,6
DA:35,11
DA:36,5
DA:37,5
DA:38,5
DA:39,5
DA:40,5
DA:41,2
DA:42,2
DA:43,3
DA:44,3
DA:45,3
DA:46,3
DA:47,3
DA:48,3
DA:49,3
DA:50,3
DA:51,5
DA:52,5
DA:53,5
DA:54,5
DA:55,5
DA:56,3
DA:57,4
DA:58,4
DA:59,4
LF:59
LH:59
BRDA:6,0,0,11
BRDA:8,1,0,0
BRDA:15,2,0,9
BRDA:15,3,0,8
BRDA:15,4,0,4
BRDA:17,5,0,7
BRDA:31,6,0,1
BRDA:33,7,0,6
BRDA:35,8,0,5
BRDA:37,9,0,4
BRDA:38,10,0,1
BRDA:40,11,0,2
BRDA:42,12,0,3
BRDA:51,13,0,2
BRDA:51,14,0,1
BRDA:55,15,0,3
BRDA:56,16,0,4
BRF:17
BRH:16
end_of_record
